[10:04:21][0:0:0:0:0:0:0:1] null: <has connected!>
[10:04:31][0:0:0:0:0:0:0:1] null: <has connected!>
[10:04:31][0:0:0:0:0:0:0:1] null: <has connected!>
[10:04:31][0:0:0:0:0:0:0:1] null: <has connected!>
[10:04:31][0:0:0:0:0:0:0:1] null: <has connected!>
[10:07:14][0:0:0:0:0:0:0:1] null: <has connected!>
[10:07:20][0:0:0:0:0:0:0:1] null: <has connected!>
[10:09:25][0:0:0:0:0:0:0:1] null: <has connected!>
[10:09:31][0:0:0:0:0:0:0:1] null: <has connected!>
[10:16:08][0:0:0:0:0:0:0:1] kvecko: <has connected!>
[10:19:29][0:0:0:0:0:0:0:1] kvecko: <has connected!>
[10:19:33][0:0:0:0:0:0:0:1] kvecko: hej
[10:19:46][0:0:0:0:0:0:0:1] kvecko: hej
[10:19:55][0:0:0:0:0:0:0:1] kvecko: kokot
[10:20:09][0:0:0:0:0:0:0:1] kvecko: <has connected!>
[10:20:09][0:0:0:0:0:0:0:1] kokotko: <has connected!>
[10:20:16][0:0:0:0:0:0:0:1] kokotko: hej
[10:20:16][0:0:0:0:0:0:0:1] kokotko: hej
[10:20:29][0:0:0:0:0:0:0:1] kokotko: more
[10:20:29][0:0:0:0:0:0:0:1] kokotko: more
[10:55:39][0:0:0:0:0:0:0:1] kvecko: <has connected!>
[10:55:41][0:0:0:0:0:0:0:1] kvecko: dd
[10:55:53][0:0:0:0:0:0:0:1] kvecko: hopa
[10:55:57][0:0:0:0:0:0:0:1] kvecko: jipa
[10:56:04][0:0:0:0:0:0:0:1] kvecko: <has connected!>
[10:56:04][0:0:0:0:0:0:0:1] ss: <has connected!>
[10:56:13][0:0:0:0:0:0:0:1] ss: ss
[10:56:13][0:0:0:0:0:0:0:1] ss: ss
[11:01:52][0:0:0:0:0:0:0:1] kvecko: <has connected!>
[11:01:56][0:0:0:0:0:0:0:1] kvecko: hej
[11:01:56][0:0:0:0:0:0:0:1] kvecko: hej
[11:02:02][0:0:0:0:0:0:0:1] kvecko: hejff
[11:02:11][0:0:0:0:0:0:0:1] kvecko: <has connected!>
[11:02:11][0:0:0:0:0:0:0:1] debyl: <has connected!>
[11:02:24][0:0:0:0:0:0:0:1] debyl: cf
[11:02:24][0:0:0:0:0:0:0:1] debyl: cf
[11:02:57][0:0:0:0:0:0:0:1] debyl: cfddd
[11:02:57][0:0:0:0:0:0:0:1] debyl: cfddd
[11:02:57][0:0:0:0:0:0:0:1] debyl: cfddd
[11:02:57][0:0:0:0:0:0:0:1] debyl: cfddd
[11:03:04][0:0:0:0:0:0:0:1] debyl: cfddd
[11:03:04][0:0:0:0:0:0:0:1] debyl: cfddd
[11:03:07][0:0:0:0:0:0:0:1] debyl: cfdddss
[11:03:07][0:0:0:0:0:0:0:1] debyl: cfdddss
